106
100
168
117
128
81
132
51
35
152
102
16
148
192
50
42
26
135
2
14
41
73
132
77
102
8
167
103
176
29
31
71
117
167
37
127
114
43
32
92
31
42
91
58
198
126
178
16
139
195
178
84
30
28
10
88
52
19
32
78
13
163
12
57
47
56
11
194
163
175
4
101
36
108
36
126
110
27
60
115
89
55
13
3
193
198
146
6
196
136
135
138
76
151
150
24
138
94
74
63
65
70
110
119
52
172
183
136
131
19
66
78
151
173
103
156
154
1
84
136
144
110
89
31
47
103
112
9
35
35
116
57
63
23
163
4
129
151
49
153
156
186
199
108
88
1
75
22
6
50
66
180
112
149
97
113
44
180
108
5
34
187
153
200
49
189
171
25
94
5
103
151
119
51
127
90
60
90
24
71
17
65
80
82
188
44
59
158
37
117
161
120
162
148
56
102
88
68
150
48
130
49
34
146
107
83
142
118
44
123
141
95
116
139
186
173
163
164
38
63
86
122
27
7
179
13
107
34
15
126
92
164
167
14
161
129
15
113
139
96
12
101
85
118
46
58
109
58
181
93
198
8
74
155
75
32
12
154
89
1
97
32
3
48
79
72
79
81
194
142
121
33
29
138
80
19
26
111
110
35
174
171
28
129
80
13
59
172
138
119
37
52
189
27
87
98
23
193
160
183
168
118
10
90
174
116
50
152
39
87
79
42
56
123
115
88
140
8
50
124
97
11
20
83
117
110
154
39
167
185
131
8
140
93
187
195
94
78
138
116
92
39
98
111
70
147
125
195
178
189
119
197
10
17
18
70
171
181
63
16
8
23
162
109
37
121
3
61
127
154
193
177
180
7
41
127
110
31
38
186
124
9
122
121
191
69
139
46
91
4
12
187
117
82
147
118
58
174
90
87
86
147
44
172
188
136
172
193
25
152
181
195
48
186
22
15
50
182
40
55
100
2
95
122
17
153
65
184
187
172
182
45
51
32
159
184
12
169
22
105
85
198
152
135
14
115
40
2
152
33
105
80
9
95
135
171
179
153
36
122
7
157
59
4
43
58
183
119
190
112
164
165
171
20
96
88
57
109
4
145
92
18
90
54
30
148
113
37
5
93
14
196
99
47
114
155
166
177
60
199
