\BOOKMARK [1][-]{Doc-Start}{\376\377\154\350\141\017\116\213\230\171}{}% 1
\BOOKMARK [1][-]{section*.1}{\376\377\131\107\162\151\377\010\000t\000h\000i\000n\000g\000.\000c\000p\000p\377\011}{}% 2
\BOOKMARK [2][-]{section*.2}{\376\377\060\020\230\230\166\356\200\314\146\157\060\021}{section*.1}% 3
\BOOKMARK [2][-]{section*.3}{\376\377\060\020\230\230\166\356\143\317\217\360\060\021}{section*.1}% 4
\BOOKMARK [2][-]{section*.4}{\376\377\060\020\217\223\121\145\150\074\137\017\060\021}{section*.1}% 5
\BOOKMARK [2][-]{section*.5}{\376\377\060\020\217\223\121\372\150\074\137\017\060\021}{section*.1}% 6
\BOOKMARK [2][-]{section*.6}{\376\377\060\020\150\067\117\213\000\040\0001\000\040\217\223\121\145\060\021}{section*.1}% 7
\BOOKMARK [2][-]{section*.7}{\376\377\060\020\150\067\117\213\000\040\0001\000\040\217\223\121\372\060\021}{section*.1}% 8
\BOOKMARK [2][-]{section*.8}{\376\377\060\020\150\067\117\213\000\040\0001\000\040\211\343\221\312\060\021}{section*.1}% 9
\BOOKMARK [2][-]{section*.9}{\376\377\060\020\150\067\117\213\000\040\0002\000\040\217\223\121\145\060\021}{section*.1}% 10
\BOOKMARK [2][-]{section*.10}{\376\377\060\020\150\067\117\213\000\040\0002\000\040\217\223\121\372\060\021}{section*.1}% 11
\BOOKMARK [2][-]{section*.11}{\376\377\060\020\145\160\143\156\203\003\126\364\060\021}{section*.1}% 12
\BOOKMARK [1][-]{section*.12}{\376\377\167\377\217\146\377\010\000c\000a\000r\000.\000c\000p\000p\377\011}{}% 13
\BOOKMARK [2][-]{section*.13}{\376\377\060\020\230\230\166\356\200\314\146\157\060\021}{section*.12}% 14
\BOOKMARK [2][-]{section*.14}{\376\377\060\020\230\230\166\356\143\317\217\360\060\021}{section*.12}% 15
\BOOKMARK [2][-]{section*.15}{\376\377\060\020\217\223\121\145\150\074\137\017\060\021}{section*.12}% 16
\BOOKMARK [2][-]{section*.16}{\376\377\060\020\217\223\121\372\150\074\137\017\060\021}{section*.12}% 17
\BOOKMARK [2][-]{section*.17}{\376\377\060\020\150\067\117\213\000\040\0001\000\040\217\223\121\145\060\021}{section*.12}% 18
\BOOKMARK [2][-]{section*.18}{\376\377\060\020\150\067\117\213\000\040\0001\000\040\217\223\121\372\060\021}{section*.12}% 19
\BOOKMARK [2][-]{section*.19}{\376\377\060\020\150\067\117\213\000\040\0002\000\040\217\223\121\145\060\021}{section*.12}% 20
\BOOKMARK [2][-]{section*.20}{\376\377\060\020\150\067\117\213\000\040\0002\000\040\217\223\121\372\060\021}{section*.12}% 21
\BOOKMARK [2][-]{section*.21}{\376\377\060\020\145\160\143\156\203\003\126\364\060\021}{section*.12}% 22
\BOOKMARK [1][-]{section*.22}{\376\377\146\037\151\316\377\010\000b\000o\000a\000t\000.\000c\000p\000p\377\011}{}% 23
\BOOKMARK [2][-]{section*.23}{\376\377\060\020\230\230\166\356\200\314\146\157\060\021}{section*.22}% 24
\BOOKMARK [2][-]{section*.24}{\376\377\060\020\230\230\166\356\143\317\217\360\060\021}{section*.22}% 25
\BOOKMARK [2][-]{section*.25}{\376\377\060\020\217\223\121\145\150\074\137\017\060\021}{section*.22}% 26
\BOOKMARK [2][-]{section*.26}{\376\377\060\020\217\223\121\372\150\074\137\017\060\021}{section*.22}% 27
\BOOKMARK [2][-]{section*.27}{\376\377\060\020\150\067\117\213\000\040\0001\000\040\217\223\121\145\060\021}{section*.22}% 28
\BOOKMARK [2][-]{section*.28}{\376\377\060\020\150\067\117\213\000\040\0001\000\040\217\223\121\372\060\021}{section*.22}% 29
\BOOKMARK [2][-]{section*.29}{\376\377\060\020\145\160\143\156\203\003\126\364\060\021}{section*.22}% 30
\BOOKMARK [1][-]{section*.30}{\376\377\000H\000y\000a\000c\000i\000n\000t\000h\000i\000a\377\010\000H\000y\000a\000c\000i\000n\000t\000h\000i\000a\377\011}{}% 31
\BOOKMARK [2][-]{section*.31}{\376\377\060\020\230\230\166\356\200\314\146\157\060\021}{section*.30}% 32
\BOOKMARK [2][-]{section*.32}{\376\377\060\020\230\230\166\356\143\317\217\360\060\021}{section*.30}% 33
\BOOKMARK [2][-]{section*.33}{\376\377\060\020\217\223\121\145\150\074\137\017\060\021}{section*.30}% 34
\BOOKMARK [2][-]{section*.34}{\376\377\060\020\217\223\121\372\150\074\137\017\060\021}{section*.30}% 35
\BOOKMARK [2][-]{section*.35}{\376\377\060\020\150\067\117\213\000\040\0001\000\040\217\223\121\145\060\021}{section*.30}% 36
\BOOKMARK [2][-]{section*.36}{\376\377\060\020\150\067\117\213\000\040\0001\000\040\217\223\121\372\060\021}{section*.30}% 37
\BOOKMARK [2][-]{section*.37}{\376\377\060\020\150\067\117\213\000\040\0001\000\040\211\343\221\312\060\021}{section*.30}% 38
\BOOKMARK [2][-]{section*.38}{\376\377\060\020\145\160\143\156\203\003\126\364\060\021}{section*.30}% 39
\BOOKMARK [1][-]{section*.39}{\376\377\000N\000e\000i\000K\000o\000s\0004\0009\0006\377\010\000P\000h\000a\000i\000n\000o\000n\377\011}{}% 40
\BOOKMARK [2][-]{section*.40}{\376\377\060\020\230\230\166\356\200\314\146\157\060\021}{section*.39}% 41
\BOOKMARK [2][-]{section*.41}{\376\377\060\020\230\230\166\356\143\317\217\360\060\021}{section*.39}% 42
\BOOKMARK [2][-]{section*.42}{\376\377\060\020\217\223\121\145\150\074\137\017\060\021}{section*.39}% 43
\BOOKMARK [2][-]{section*.43}{\376\377\060\020\217\223\121\372\150\074\137\017\060\021}{section*.39}% 44
\BOOKMARK [2][-]{section*.44}{\376\377\060\020\150\067\117\213\000\040\0001\000\040\217\223\121\145\060\021}{section*.39}% 45
\BOOKMARK [2][-]{section*.45}{\376\377\060\020\150\067\117\213\000\040\0001\000\040\217\223\121\372\060\021}{section*.39}% 46
\BOOKMARK [2][-]{section*.46}{\376\377\060\020\150\067\117\213\000\040\0001\000\040\211\343\221\312\060\021}{section*.39}% 47
\BOOKMARK [2][-]{section*.47}{\376\377\060\020\145\160\143\156\203\003\126\364\060\021}{section*.39}% 48
\BOOKMARK [1][-]{section*.48}{\376\377\000P\000h\000i\000L\000i\000a\0000\0009\0003\377\010\000C\000y\000r\000e\000n\000e\377\011}{}% 49
\BOOKMARK [2][-]{section*.49}{\376\377\060\020\230\230\166\356\200\314\146\157\060\021}{section*.48}% 50
\BOOKMARK [2][-]{section*.50}{\376\377\060\020\230\230\166\356\143\317\217\360\060\021}{section*.48}% 51
\BOOKMARK [2][-]{section*.51}{\376\377\060\020\217\223\121\145\150\074\137\017\060\021}{section*.48}% 52
\BOOKMARK [2][-]{section*.52}{\376\377\060\020\217\223\121\372\150\074\137\017\060\021}{section*.48}% 53
\BOOKMARK [2][-]{section*.53}{\376\377\060\020\150\067\117\213\000\040\0001\000\040\217\223\121\145\060\021}{section*.48}% 54
\BOOKMARK [2][-]{section*.54}{\376\377\060\020\150\067\117\213\000\040\0001\000\040\217\223\121\372\060\021}{section*.48}% 55
\BOOKMARK [2][-]{section*.55}{\376\377\060\020\150\067\117\213\000\040\0001\000\040\211\343\221\312\060\021}{section*.48}% 56
\BOOKMARK [2][-]{section*.56}{\376\377\060\020\145\160\143\156\203\003\126\364\060\021}{section*.48}% 57
