102
99
95
91
88
96
96
99
99
96
93
101
95
96
102
93
101
97
96
101
91
91
97
83
97
94
97
92
96
101
94
94
101
95
105
101
93
101
101
94
97
96
97
92
96
99
93
97
93
99
96
98
98
95
97
104
90
93
92
102
95
98
93
98
96
98
97
91
104
95
97
103
92
93
92
103
97
101
95
100
94
94
94
94
96
101
100
98
97
101
98
96
98
95
97
96
97
95
98
104
94
103
91
97
102
101
97
96
96
96
92
91
97
97
92
95
96
104
100
98
98
93
95
103
92
99
102
102
97
94
97
96
96
106
90
91
97
94
94
96
96
100
94
90
100
95
95
105
95
97
95
90
93
96
93
101
103
93
96
94
95
97
85
95
100
98
101
101
101
98
101
93
101
97
88
97
100
95
96
98
95
97
90
102
100
94
94
99
94
100
94
88
99
86
97
93
104
97
98
95
91
100
105
95
98
97
93
100
96
93
99
96
96
94
98
98
99
100
98
98
91
94
96
94
89
100
103
101
96
96
99
95
97
90
95
94
98
89
100
100
98
99
93
90
92
96
99
97
102
100
102
94
91
93
102
100
93
94
97
99
96
97
95
96
91
104
104
99
97
98
94
92
103
99
94
98
102
97
95
100
100
90
93
94
100
101
95
94
96
98
97
92
101
97
92
98
95
93
96
100
98
94
92
102
97
98
95
102
100
93
96
99
99
99
105
101
99
99
97
95
98
100
101
95
90
96
102
90
91
95
92
95
94
102
98
87
94
103
90
93
97
110
97
98
96
98
90
94
92
98
98
91
100
93
95
95
98
99
94
93
95
92
106
97
97
92
90
94
95
96
95
95
100
94
89
91
101
96
94
98
97
89
96
97
91
98
97
97
90
93
96
91
87
94
98
95
100
97
100
100
93
96
93
98
99
97
99
96
92
99
97
99
90
100
95
90
96
103
94
95
106
99
92
97
95
96
101
93
99
93
89
98
100
99
91
95
99
90
97
97
93
98
99
95
100
96
95
95
100
94
96
105
92
102
93
104
99
96
94
99
99
98
95
96
95
101
100
100
100
97
95
93
88
95
96
95
94
94
99
90
98
97
96
93
95
93
96
99
100
98
98
93
102
101
97
95
99
98
97
102
97
97
98
94
95
96
95
97
97
96
98
97
99
99
94
100
98
95
95
97
96
96
92
88
94
97
99
97
92
100
108
97
96
94
99
96
93
100
101
100
93
94
91
90
96
88
105
95
93
99
94
98
95
94
99
95
95
98
98
99
102
96
96
94
96
105
95
92
98
94
101
99
93
95
90
101
97
100
88
103
95
98
99
91
98
99
90
89
99
99
104
96
96
99
89
90
93
100
98
96
96
98
93
98
98
92
94
87
94
93
90
90
88
96
89
99
95
98
96
100
92
99
97
101
100
96
94
87
95
94
97
97
99
100
97
95
99
98
94
99
99
99
92
100
97
93
98
99
97
102
96
94
101
97
105
93
100
93
101
94
99
97
95
95
94
100
92
93
96
87
101
94
97
94
93
98
93
89
98
95
95
98
97
92
92
98
90
91
97
97
97
91
95
96
90
100
101
91
91
109
98
99
95
96
106
94
98
91
101
90
96
91
95
94
94
94
97
95
99
93
91
88
92
96
97
97
90
92
99
95
98
92
99
94
99
89
92
100
99
98
100
100
94
95
105
102
95
94
94
93
94
91
92
110
99
92
96
101
96
102
94
98
98
99
98
103
93
97
91
91
96
103
98
98
91
102
98
99
99
92
97
95
103
93
98
93
99
91
101
91
89
102
93
101
103
96
102
98
94
93
96
100
92
94
100
97
97
97
96
99
97
91
102
95
96
97
90
92
94
100
91
98
91
96
96
92
103
92
104
94
92
98
97
94
90
98
91
102
99
96
90
91
95
95
94
95
93
92
98
94
98
91
96
96
95
94
97
92
97
92
98
99
96
94
94
97
99
98
101
104
101
98
98
98
90
97
95
94
101
93
98
95
93
92
101
98
93
91
95
97
97
98
101
103
95
100
97
92
92
97
90
94
95
97
99
90
98
92
100
98
99
89
100
100
99
95
93
96
95
99
98
98
94
98
96
101
96
94
95
98
99
96
100
97
96
98
99
92
100
102
96
91
89
97
92
98
92
99
88
91
102
100
89
99
97
96
102
97
94
99
97
97
96
88
87
92
103
94
86
96
96
107
93
100
101
90
96
93
93
96
97
94
102
95
92
96
105
99
96
98
100
103
99
92
99
92
94
96
96
95
