1
1
-1
1
-1
-1
2
1
1
1
1
1
2
1
2
1
1
2
2
1
2
2
1
2
2
2
1
2
1
1
1
1
2
1
1
2
1
1
2
2
1
1
1
2
1
2
2
1
2
1
2
2
2
1
1
2
2
1
2
1
2
1
1
1
2
2
1
1
1
1
2
1
1
2
1
1
1
1
1
1
2
2
1
2
1
1
2
2
1
1
2
1
2
2
2
1
1
2
1
1
2
1
1
2
2
2
1
2
2
2
2
2
2
1
1
1
1
1
1
1
1
1
2
2
2
1
1
1
1
2
2
1
1
2
1
1
1
1
1
2
1
2
2
1
2
1
1
2
1
1
2
1
2
1
2
1
1
2
2
1
1
1
1
2
1
1
2
1
1
1
1
1
2
1
1
1
1
1
2
2
2
1
1
1
1
1
2
2
1
1
2
1
2
1
2
2
1
2
1
2
1
2
2
2
1
2
1
2
2
2
1
2
1
1
2
2
1
1
2
1
2
2
1
2
2
2
1
1
1
1
2
1
1
2
2
2
1
1
2
1
1
2
1
1
1
1
2
1
1
2
2
1
1
2
1
1
2
1
2
1
2
1
1
1
1
1
2
1
1
1
1
1
1
2
1
1
1
2
1
2
2
1
1
1
1
1
1
2
1
1
1
2
1
2
2
1
1
1
1
1
2
2
-1
2
2
2
2
1
1
1
1
1
2
2
2
1
1
1
1
1
2
2
2
1
2
1
2
2
1
2
1
1
1
2
1
2
2
2
1
2
1
1
2
1
1
1
1
1
1
2
2
1
1
1
1
1
1
2
2
1
1
1
1
2
1
2
1
1
1
1
1
1
2
1
1
2
1
1
1
2
2
1
2
2
1
1
1
1
1
2
1
1
1
2
2
1
1
1
1
2
2
2
1
1
2
1
2
1
1
1
1
1
2
2
1
1
1
2
2
1
1
1
1
2
2
1
1
1
1
2
1
2
1
1
1
2
2
1
1
1
2
1
1
2
1
1
1
2
1
1
2
1
2
1
2
1
2
1
2
2
2
1
1
1
2
1
2
1
2
1
1
1
1
1
1
2
2
2
2
1
1
1
1
1
1
1
2
1
2
1
1
2
1
2
1
2
2
1
1
2
1
2
2
2
1
1
1
2
1
2
1
1
1
2
1
2
1
1
2
1
2
1
2
1
1
2
2
1
1
2
1
2
1
1
2
1
1
2
2
1
1
1
1
2
2
1
2
1
2
1
1
2
1
1
2
1
2
2
2
2
1
1
2
1
2
2
1
1
1
2
1
1
2
1
2
1
2
2
2
1
1
1
2
2
2
1
1
2
1
1
2
1
1
1
1
1
1
2
1
2
1
2
1
1
1
1
1
1
1
1
2
2
1
1
1
1
1
2
2
1
1
1
1
2
1
1
1
1
1
1
1
1
1
2
2
1
2
1
1
1
1
1
2
2
2
1
1
1
2
2
1
1
1
1
1
2
2
1
1
2
1
2
2
1
2
1
2
1
1
1
1
1
2
2
2
1
1
2
1
1
2
1
1
2
2
2
1
1
2
2
1
1
1
1
1
1
2
1
1
1
1
1
1
1
1
1
2
1
1
1
1
1
1
1
1
1
2
2
1
1
2
2
1
2
2
1
2
1
2
2
1
1
2
2
2
1
2
2
2
2
1
1
2
1
2
1
2
2
1
1
1
1
1
1
2
1
1
1
2
2
1
1
2
2
1
2
2
2
2
1
1
2
1
1
2
1
2
1
1
1
1
2
2
2
2
1
1
1
1
2
2
2
1
2
2
2
1
1
1
2
2
1
2
1
2
2
1
1
1
1
2
1
1
2
2
1
1
1
1
1
2
1
1
2
1
1
1
1
2
2
1
2
1
1
2
2
1
2
1
1
2
2
1
1
2
2
2
2
1
1
2
1
2
1
1
2
1
1
1
1
1
2
2
2
2
1
2
1
1
1
2
2
2
1
1
1
2
2
1
1
2
2
1
2
1
1
2
2
2
2
1
1
1
1
1
1
1
1
1
1
1
2
1
1
1
1
2
2
1
1
1
2
1
1
1
2
2
2
1
2
2
1
1
1
1
1
1
1
1
2
1
2
1
1
2
1
1
2
2
2
1
2
1
2
1
1
1
2
1
1
1
1
1
2
2
2
1
1
2
2
2
2
1
1
1
2
1
2
2
1
1
2
2
1
2
2
1
2
1
2
2
1
1
2
2
1
1
2
1
2
2
2
1
1
2
1
2
2
2
2
1
1
2
2
1
1
3
11
1
5
1
1
2
1
12
6
1
11
2
9
5
7
6
12
6
3
4
3
9
6
6
5
6
1
5
6
6
8
2
3
6
7
4
7
7
1
1
10
3
2
8
2
6
2
10
9
7
3
9
1
2
6
2
4
4
4
12
9
3
5
6
12
8
7
4
4
7
9
6
2
2
11
4
3
9
6
4
2
4
8
2
2
5
3
5
8
4
6
7
5
9
2
8
10
9
9
9
3
9
1
6
11
5
1
9
10
8
4
11
12
6
9
6
4
3
10
10
10
1
11
9
9
12
3
1
2
11
3
7
4
8
2
9
6
12
8
4
11
5
7
12
10
3
11
7
6
10
9
7
9
10
3
7
3
10
9
6
8
1
10
7
11
1
6
11
11
3
9
5
7
6
1
4
3
11
5
2
10
12
3
2
8
7
3
12
10
10
6
5
8
9
5
11
10
8
1
9
11
11
11
7
9
10
5
1
8
3
9
3
12
8
4
5
1
6
3
1
7
2
8
2
7
10
3
11
4
11
6
9
5
10
3
6
2
4
8
9
3
1
10
5
9
5
8
4
5
10
8
9
6
10
9
1
11
11
2
9
9
7
9
10
9
12
5
5
4
12
3
9
9
5
4
12
11
2
7
4
5
2
6
8
3
3
9
6
11
11
1
7
4
2
8
10
2
12
6
3
2
4
6
7
3
12
12
6
4
2
12
3
6
9
1
10
7
7
5
10
7
10
4
12
11
3
6
11
11
2
2
3
7
1
8
7
9
6
10
12
4
3
1
8
3
6
7
11
10
6
4
5
2
10
9
4
9
2
5
1
11
6
11
6
6
2
10
3
10
11
4
12
1
1
10
2
5
8
3
12
2
11
7
3
7
3
7
10
3
12
10
5
10
8
2
7
7
9
5
9
9
2
8
5
11
2
11
12
8
2
2
4
8
1
1
9
9
6
3
4
12
7
3
5
3
3
4
8
11
5
1
4
9
10
9
9
11
4
11
11
8
9
9
3
1
5
11
1
11
11
10
1
3
7
12
5
6
3
10
7
10
3
4
2
2
12
5
7
7
8
10
10
4
2
7
12
1
1
11
6
6
8
5
10
4
9
3
2
2
1
6
9
12
10
4
11
8
11
8
6
6
6
11
9
4
1
9
3
4
12
11
3
8
11
9
1
8
9
3
5
1
6
11
7
9
4
2
11
8
9
10
6
1
8
1
5
11
8
2
2
5
10
6
3
9
11
12
1
5
11
2
6
4
11
11
5
9
11
12
5
8
5
11
11
11
9
8
12
1
11
12
12
4
3
9
1
6
7
8
6
1
12
5
1
9
11
6
3
1
9
3
4
8
1
7
11
1
5
8
4
9
2
6
8
12
8
5
3
9
6
12
8
9
11
3
6
1
1
11
1
12
6
11
3
10
8
12
3
11
2
10
3
5
8
11
1
8
8
6
10
6
10
8
11
1
1
5
7
12
12
5
7
5
2
1
1
9
11
4
11
2
11
2
2
7
11
12
8
3
2
6
5
4
11
3
6
7
11
11
11
2
3
1
3
4
8
3
5
3
2
4
10
5
10
1
12
6
6
7
12
7
2
6
3
3
8
3
5
11
1
12
6
10
9
2
7
2
9
9
10
2
7
5
3
5
11
10
9
9
3
12
7
7
1
4
11
8
8
4
11
7
8
1
11
12
9
7
12
2
2
2
11
6
3
7
4
4
3
2
6
12
1
10
9
7
6
8
6
9
7
7
11
11
1
2
8
9
9
6
9
8
9
9
5
1
2
9
10
2
3
2
9
10
2
12
4
6
9
3
6
9
10
7
6
9
2
8
5
8
4
2
3
11
3
4
11
1
8
6
11
3
3
9
11
10
9
4
5
1
7
5
5
6
8
9
3
2
8
6
4
12
9
8
7
8
3
9
2
9
11
3
6
8
4
3
11
2
5
5
6
8
1
8
3
8
6
7
3
4
4
9
12
2
7
7
9
1
2
6
5
1
11
4
4
1
5
7
12
3
10
12
9
1
1
10
9
4
3
8
7
2
10
7
3
2
6
10
12
9
6
11
6
1
2
10
9
9
7
7
11
10
12
2
12
4
10
7
4
11
6
10
6
5
2
2
4
5
7
6
3
6
1
12
8
8
7
1
7
8
4
8
1
9
10
8
10
11
9
3
8
5
3
6
8
4
5
9
11
3
3
5
3
10
1
7
6
11
3
1
8
2
5
6
9
4
3
3
12
10
1
5
4
9
11
4
12
-1
12
1
3
9
11
8
6
2
8
8
4
4
6
5
7
8
10
1
6
1
8
5
8
11
2
5
5
4
7
7
3
3
9
6
3
4
1
8
10
8
10
1
6
8
4
8
6
1
9
1
6
6
1
1
7
3
5
6
5
2
4
11
5
7
5
5
10
4
7
6
4
9
1
3
2
4
3
11
6
7
5
10
5
1
2
10
4
7
9
11
10
3
7
6
7
8
1
9
8
8
6
4
7
7
7
10
5
2
3
5
10
3
9
4
1
1
9
9
1
8
5
8
6
4
8
4
9
9
6
8
2
2
2
8
10
2
4
6
6
1
9
8
8
8
9
9
10
3
6
8
4
5
8
3
8
2
1
10
9
2
3
9
5
1
5
3
2
6
3
6
5
7
8
6
4
10
2
8
6
5
10
2
2
6
3
7
3
2
7
2
11
7
2
8
1
1
4
7
2
5
8
7
3
2
9
9
7
7
8
3
10
6
9
2
4
3
8
1
5
9
8
9
10
8
2
1
7
3
2
10
1
9
4
1
8
10
8
5
1
2
7
4
5
1
1
9
8
5
9
10
6
8
3
2
10
9
1
7
8
6
5
5
11
6
1
4
1
5
2
7
5
7
5
3
5
5
6
6
4
9
10
10
5
5
6
5
1
6
10
7
3
5
4
4
5
3
6
4
6
5
5
1
4
3
4
4
2
1
5
11
9
2
5
9
7
4
2
5
8
1
7
7
11
5
1
5
5
2
7
3
1
8
8
8
9
6
9
6
3
6
8
11
2
4
6
10
9
8
8
6
9
3
8
8
9
6
8
3
4
10
1
3
11
5
2
9
1
8
4
2
9
5
6
9
4
7
9
5
8
10
6
6
4
8
7
6
9
8
9
6
2
9
5
7
10
1
10
10
3
4
1
2
3
1
5
7
1
10
10
6
2
7
1
2
8
7
6
6
1
1
1
4
4
6
3
8
8
2
10
9
4
7
6
9
10
5
2
10
4
5
10
1
3
2
7
1
2
2
4
2
6
7
10
9
2
3
6
5
7
5
8
1
10
9
4
8
5
8
2
4
11
5
3
1
3
1
1
4
7
2
4
7
10
4
6
5
1
2
5
4
2
4
2
2
10
9
4
3
6
8
8
6
3
6
3
4
9
7
8
3
4
1
6
10
3
6
7
6
6
7
7
5
3
11
4
2
3
9
8
6
4
6
6
6
8
3
2
9
1
3
9
1
4
7
7
1
5
5
10
6
1
9
6
9
4
3
2
9
9
9
10
10
5
7
3
4
10
7
9
9
4
4
3
9
5
8
3
9
3
3
8
8
1
5
6
5
2
9
4
8
6
5
8
9
9
1
6
8
1
10
1
7
8
2
3
5
9
1
4
2
6
7
9
7
3
3
2
1
4
2
5
8
7
1
1
3
2
4
3
5
7
5
1
7
6
2
2
4
8
9
5
6
5
9
7
2
2
6
4
3
2
2
2
8
1
8
10
10
9
2
4
6
9
10
8
4
9
9
2
3
1
6
5
7
5
11
7
2
2
7
11
3
6
1
5
4
9
7
9
9
1
4
5
2
6
10
10
5
7
10
9
6
9
8
6
1
3
9
1
2
5
9
6
11
1
6
2
10
8
7
8
8
9
7
6
6
1
1
9
4
9
7
9
8
2
10
11
2
10
9
3
1
1
10
2
2
9
6
1
9
9
4
7
9
1
7
3
8
2
8
10
8
3
1
7
7
9
1
10
9
4
4
10
5
10
8
4
4
5
8
9
5
9
9
10
9
7
10
4
9
5
1
8
5
6
7
7
1
10
9
2
1
1
8
2
5
5
9
11
8
11
5
5
10
4
8
2
10
9
2
8
8
1
7
8
3
10
3
2
8
9
2
3
2
10
7
7
2
6
9
6
5
3
8
4
8
11
10
8
5
5
3
1
10
5
7
1
6
1
3
10
6
1
1
9
7
8
4
5
2
1
2
1
8
8
5
9
4
3
5
6
5
9
4
11
7
4
1
4
4
10
2
5
9
6
7
9
9
10
10
3
8
8
9
3
9
10
7
3
6
2
2
4
6
8
11
2
3
1
2
9
8
2
2
9
11
8
1
4
6
2
2
10
6
5
2
3
3
4
6
5
6
2
10
4
4
5
9
9
7
7
10
10
10
5
5
8
4
9
7
5
2
7
8
1
9
7
6
9
1
2
9
3
8
7
6
5
2
6
6
7
3
4
3
1
8
3
9
9
9
4
9
9
8
10
10
9
5
8
-1
11
1
93025029
114966969
83326819
78179161
28318623
15870303
135107522
28867215
79321126
206298227
156672726
168345641
148077386
59892825
168598649
64392619
214248863
123047142
40601109
223867278
182056833
189210058
233836571
100056149
135945781
160859316
69039622
131694869
178810198
130520801
228608296
218331377
10345819
170168148
227221520
138093099
157025510
109993533
46646156
214924463
236646586
86310947
110335215
27145596
68786526
68111247
127425109
181773708
105900629
69374607
88915047
88573122
153571320
144577051
180163410
177801516
32853514
71357722
74693528
171009884
85043865
38619756
82120982
51150630
9388783
136927544
127907983
233104926
37335552
200880405
86648751
155853529
103006419
86889345
82502657
78497348
185056084
114088109
215615588
20481654
141390534
99160386
38906883
85772806
159282355
33489185
47890085
37959476
93175358
214264608
138564979
93594633
139267366
13554310
21017497
50623621
142740254
185282016
8847805
123949379
112288993
80244514
150529344
146146632
128030072
119987858
63135415
2395853
174575006
132437361
59936864
86709674
36459450
108234118
157218605
184733393
177927639
184292623
181318519
2454411
174841008
22207045
199318264
225020624
8989087
202516457
142836980
197058998
17459001
103049332
43886614
112556906
194509695
106205905
191772672
44276913
129181026
108625705
150111089
61574999
196532670
168874719
145133974
140486574
152888700
119387444
125661435
124935763
135963542
210808583
6136078
9387834
132758177
141308144
182142158
208564886
229941005
31381212
146020062
144008175
66761231
91015653
195381192
32253226
136455598
7451789
164292058
80855805
106550526
30076442
213803953
59234665
98098852
100274800
78849029
143720248
27154478
56595957
88249709
21444838
49563921
185506404
195685919
7913112
73508597
80398781
108914960
62672057
206930702
165817407
25464530
102644244
148748116
221158485
99449719
122150977
4648745
90042209
16745682
196128064
176640465
232172909
87863153
53912307
37297871
95287288
213804884
119410566
211523715
160059888
193319479
52834500
190315269
237436281
180424010
61173222
116331467
193791039
82575194
107356974
86733633
65959662
147420861
1183381
47142050
108280136
178455147
181481568
205220506
229688096
70763224
56743259
217254369
223612015
171673629
135142271
81725042
125524862
136617236
90981605
213612354
83874606
111709197
16219027
123923316
33719395
18260983
12226445
202150008
167739319
124969802
96494820
134651309
193041038
151208359
150282720
4955886
162407235
1384904
15905630
119479565
183807906
145347579
208429277
145330943
156837384
133796287
137364228
101907201
216129105
136610239
153076591
87498385
175522475
111523754
170238778
130717493
28045599
176999964
78974256
153412670
136962475
200097466
77499237
217829016
212065612
76867761
162026640
228485555
185695030
166409192
76324078
19887672
90963134
154107324
86890301
126640076
73542310
86363445
88426658
107250130
58240678
33185538
107250740
46417450
171867631
172669888
149355760
213287841
17846045
189031435
220766423
82062109
128282738
17237678
157459403
199307967
181257821
176874559
50633809
67875858
67920004
41306877
199476763
33768380
92489054
43625039
99327508
16253693
60785460
36863034
184500367
200584013
62158931
93152472
115439613
232930614
40100615
46816412
214956182
26375070
104150926
52885689
36448358
137790665
210702637
119276143
117719368
217098990
10052594
100289184
64270741
10248554
37237710
77643198
66950900
64890949
175333047
41123413
222033423
92005423
195243618
87638160
87353481
44766072
88025463
48882744
175135793
102363505
7300324
49594575
125507476
189034963
162031053
181685588
57162117
86638767
54921635
68168811
45061461
141887692
95241491
138528395
225375489
69932603
88866694
50899719
4380911
155502139
35578445
7789985
149432539
127209392
123695438
61675983
101115960
215048679
37871645
69292400
183239192
98875148
108380342
104388591
159342847
13774360
48779261
105187455
12757316
127829153
14933991
56517334
62945410
118801689
53056156
55097768
116934363
8603799
125392021
37827821
94682407
139901830
10688830
132001369
224029831
133662289
101332708
45410754
210287462
29570882
86945824
132278083
45224902
139308469
150152910
235323292
88922846
101606146
36772460
127886699
36647506
211569472
89165748
70992933
99392233
196060966
137675848
161523617
216815046
168479822
161092515
36761619
199933737
79168742
75636074
215390633
151190954
15864849
124748569
230962113
184047823
155555218
163330179
179383522
50262396
25994110
173842606
81563453
210430297
213590300
159802453
59617060
18465509
22278409
32052247
70539157
15971611
211169091
229967788
40152025
127418526
10672282
151195212
127333974
86648906
123828443
2439668
235130558
210662462
153482775
194955100
14186654
216319957
187780310
207999000
114551790
9110927
8047664
153598712
205783165
78872049
169131269
105907533
139376888
157718300
122144792
184799123
59969439
96983994
223844843
87527004
200444049
36367637
56552403
86824508
209345651
179107440
179001504
161136805
127737134
235071468
100712580
228521415
939975
184294857
224283229
179178977
226313238
30729820
119873201
212644927
196291992
128051779
115871841
129635923
222807625
15745103
30748737
192518282
58108063
178706853
170820516
126887111
22436825
111283598
216231366
170347356
35064376
63718864
115348774
16909219
77941569
53660652
74552097
97968611
77304690
132988317
217592137
120860984
17718528
110510527
116315200
3560192
125451054
93430318
224309271
36022358
52382850
29257908
120280073
141995926
55329030
154576173
56379813
134384739
204018403
124716258
4304691
137656521
65599524
55319535
22981676
28062724
46776597
110552686
101046265
66864138
16755138
37303539
126242047
237925634
182335271
82554839
141958768
232063710
79634700
78887898
151468324
112162900
136787089
24440143
167758662
105312598
147306870
70169278
39463678
46290252
5930092
218666649
197328434
164271168
162095167
17495825
19971377
169269338
136959317
52355891
78927300
118690107
44576698
187848262
42665333
9673032
128689666
28531017
176245564
67900569
147311869
150453884
34083421
90765513
18751950
145559337
136235297
121943543
46177982
184149028
31850969
173995946
58376687
191124761
152476883
111360417
29541165
197378593
16596511
29662387
174138688
23038603
161609318
179309105
232608786
62575075
61255708
129343848
106484762
17140484
69007149
27073386
175799744
106031744
128946058
12994880
138829472
47467330
18217931
45785234
77547639
92015177
110115322
65516990
199816243
79249069
239001137
36351803
151671617
112188569
64633939
22468008
23963782
148142380
145409042
149339798
183369503
189114810
70960865
118602609
188387052
71345686
43577093
106340536
112951241
119325330
38678050
97705610
21121821
224081490
30426425
118476831
157127559
91614380
125999645
73656117
81803111
216825529
58248818
71782175
51411635
168131438
1617896
104791797
93750565
202039882
154502922
234162306
219190795
234247337
221914951
212081951
193143979
25593467
144156613
131177463
160151017
114538376
138560774
91341146
138684979
84024098
