\BOOKMARK [1][-]{Doc-Start}{\376\377\154\350\141\017\116\213\230\171}{}% 1
\BOOKMARK [1][-]{section*.1}{\376\377\134\017\147\050\150\315\377\010\000p\000o\000l\000y\000g\000o\000n\377\011}{}% 2
\BOOKMARK [2][-]{section*.2}{\376\377\060\020\230\230\166\356\200\314\146\157\060\021}{section*.1}% 3
\BOOKMARK [2][-]{section*.3}{\376\377\060\020\230\230\166\356\143\317\217\360\060\021}{section*.1}% 4
\BOOKMARK [2][-]{section*.4}{\376\377\060\020\217\223\121\145\150\074\137\017\060\021}{section*.1}% 5
\BOOKMARK [2][-]{section*.5}{\376\377\060\020\217\223\121\372\150\074\137\017\060\021}{section*.1}% 6
\BOOKMARK [2][-]{section*.6}{\376\377\060\020\150\067\117\213\000\040\0001\000\040\217\223\121\145\060\021}{section*.1}% 7
\BOOKMARK [2][-]{section*.7}{\376\377\060\020\150\067\117\213\000\040\0001\000\040\217\223\121\372\060\021}{section*.1}% 8
\BOOKMARK [2][-]{section*.8}{\376\377\060\020\150\067\117\213\000\040\0001\000\040\211\343\221\312\060\021}{section*.1}% 9
\BOOKMARK [2][-]{section*.9}{\376\377\060\020\150\067\117\213\000\040\0002\000\040\217\223\121\145\060\021}{section*.1}% 10
\BOOKMARK [2][-]{section*.10}{\376\377\060\020\150\067\117\213\000\040\0002\000\040\217\223\121\372\060\021}{section*.1}% 11
\BOOKMARK [2][-]{section*.11}{\376\377\060\020\150\067\117\213\000\040\0003\000\040\060\021}{section*.1}% 12
\BOOKMARK [2][-]{section*.12}{\376\377\060\020\145\160\143\156\203\003\126\364\060\021}{section*.1}% 13
\BOOKMARK [1][-]{section*.13}{\376\377\163\056\171\155\377\010\000x\000o\000r\377\011}{}% 14
\BOOKMARK [2][-]{section*.14}{\376\377\060\020\230\230\166\356\200\314\146\157\060\021}{section*.13}% 15
\BOOKMARK [2][-]{section*.15}{\376\377\060\020\230\230\166\356\143\317\217\360\060\021}{section*.13}% 16
\BOOKMARK [2][-]{section*.16}{\376\377\060\020\217\223\121\145\150\074\137\017\060\021}{section*.13}% 17
\BOOKMARK [2][-]{section*.17}{\376\377\060\020\217\223\121\372\150\074\137\017\060\021}{section*.13}% 18
\BOOKMARK [2][-]{section*.18}{\376\377\060\020\150\067\117\213\000\040\0001\000\040\217\223\121\145\060\021}{section*.13}% 19
\BOOKMARK [2][-]{section*.19}{\376\377\060\020\150\067\117\213\000\040\0001\000\040\217\223\121\372\060\021}{section*.13}% 20
\BOOKMARK [2][-]{section*.20}{\376\377\060\020\150\067\117\213\000\040\0001\000\040\211\343\221\312\060\021}{section*.13}% 21
\BOOKMARK [2][-]{section*.21}{\376\377\060\020\145\160\143\156\203\003\126\364\060\021}{section*.13}% 22
\BOOKMARK [1][-]{section*.22}{\376\377\147\323\202\162\117\123\377\010\000l\000x\377\011}{}% 23
\BOOKMARK [2][-]{section*.23}{\376\377\060\020\230\230\166\356\200\314\146\157\060\021}{section*.22}% 24
\BOOKMARK [2][-]{section*.24}{\376\377\060\020\230\230\166\356\143\317\217\360\060\021}{section*.22}% 25
\BOOKMARK [2][-]{section*.25}{\376\377\060\020\217\223\121\145\150\074\137\017\060\021}{section*.22}% 26
\BOOKMARK [2][-]{section*.26}{\376\377\060\020\217\223\121\372\150\074\137\017\060\021}{section*.22}% 27
\BOOKMARK [2][-]{section*.27}{\376\377\060\020\150\067\117\213\000\040\0001\000\040\217\223\121\145\060\021}{section*.22}% 28
\BOOKMARK [2][-]{section*.28}{\376\377\060\020\150\067\117\213\000\040\0001\000\040\217\223\121\372\060\021}{section*.22}% 29
\BOOKMARK [2][-]{section*.29}{\376\377\060\020\150\067\117\213\000\040\0001\000\040\211\343\221\312\060\021}{section*.22}% 30
\BOOKMARK [2][-]{section*.30}{\376\377\060\020\150\067\117\213\000\040\0002\000\040\060\021}{section*.22}% 31
\BOOKMARK [2][-]{section*.31}{\376\377\060\020\145\160\143\156\203\003\126\364\060\021}{section*.22}% 32
\BOOKMARK [1][-]{section*.32}{\376\377\176\277\153\265\150\021\116\214\122\006\377\010\000s\000e\000g\000b\000s\377\011}{}% 33
\BOOKMARK [2][-]{section*.33}{\376\377\060\020\230\230\166\356\200\314\146\157\060\021}{section*.32}% 34
\BOOKMARK [2][-]{section*.34}{\376\377\060\020\230\230\166\356\143\317\217\360\060\021}{section*.32}% 35
\BOOKMARK [2][-]{section*.35}{\376\377\060\020\217\223\121\145\150\074\137\017\060\021}{section*.32}% 36
\BOOKMARK [2][-]{section*.36}{\376\377\060\020\217\223\121\372\150\074\137\017\060\021}{section*.32}% 37
\BOOKMARK [2][-]{section*.37}{\376\377\060\020\150\067\117\213\000\040\0001\000\040\217\223\121\145\060\021}{section*.32}% 38
\BOOKMARK [2][-]{section*.38}{\376\377\060\020\150\067\117\213\000\040\0001\000\040\217\223\121\372\060\021}{section*.32}% 39
\BOOKMARK [2][-]{section*.39}{\376\377\060\020\150\067\117\213\000\040\0001\000\040\211\343\221\312\060\021}{section*.32}% 40
\BOOKMARK [2][-]{section*.40}{\376\377\060\020\150\067\117\213\000\040\0002\000\040\060\021}{section*.32}% 41
\BOOKMARK [2][-]{section*.41}{\376\377\060\020\145\160\143\156\203\003\126\364\060\021}{section*.32}% 42
